<?xml version="1.0" encoding="UTF-8"?>
<coverage generated="1657659420351" clover="3.2.0">
  <project timestamp="1657659420352" name="All files">
    <metrics statements="3" coveredstatements="1" conditionals="2" coveredconditionals="0" methods="1" coveredmethods="0" elements="6" coveredelements="1" complexity="0" loc="3" ncloc="3" packages="2" files="2" classes="2"/>
    <package name="Reviews">
      <metrics statements="0" coveredstatements="0" conditionals="0" coveredconditionals="0" methods="0" coveredmethods="0"/>
      <file name="sampleReview.jsx" path="/home/kappa/git/fec/client/src/Reviews/sampleReview.jsx">
        <metrics statements="0" coveredstatements="0" conditionals="0" coveredconditionals="0" methods="0" coveredmethods="0"/>
      </file>
    </package>
    <package name="Reviews.ReviewListEntry">
      <metrics statements="3" coveredstatements="1" conditionals="2" coveredconditionals="0" methods="1" coveredmethods="0"/>
      <file name="ReviewSummary.jsx" path="/home/kappa/git/fec/client/src/Reviews/ReviewListEntry/ReviewSummary.jsx">
        <metrics statements="3" coveredstatements="1" conditionals="2" coveredconditionals="0" methods="1" coveredmethods="0"/>
        <line num="6" count="0" type="cond" truecount="0" falsecount="2"/>
        <line num="8" count="0" type="stmt"/>
        <line num="19" count="1" type="stmt"/>
      </file>
    </package>
  </project>
</coverage>
