{"/home/kappa/git/fec/client/src/Reviews/sampleReview.jsx": {"path":"/home/kappa/git/fec/client/src/Reviews/sampleReview.jsx","statementMap":{},"fnMap":{},"branchMap":{},"s":{},"f":{},"b":{},"_coverageSchema":"1a1c01bbd47fc00a2c39e90264f33305004495a9","hash":"5e0c61a01dac796e9ee6d4d1baf37103932fd4ea"}
,"/home/kappa/git/fec/client/src/Reviews/ReviewListEntry/ReviewSummary.jsx": {"path":"/home/kappa/git/fec/client/src/Reviews/ReviewListEntry/ReviewSummary.jsx","statementMap":{"0":{"start":{"line":6,"column":14},"end":{"line":6,"column":74}},"1":{"start":{"line":8,"column":2},"end":{"line":16,"column":4}},"2":{"start":{"line":19,"column":0},"end":{"line":21,"column":2}}},"fnMap":{"0":{"name":"ReviewSummary","decl":{"start":{"line":5,"column":24},"end":{"line":5,"column":37}},"loc":{"start":{"line":5,"column":51},"end":{"line":17,"column":1}},"line":5}},"branchMap":{"0":{"loc":{"start":{"line":6,"column":14},"end":{"line":6,"column":74}},"type":"cond-expr","locations":[{"start":{"line":6,"column":36},"end":{"line":6,"column":64}},{"start":{"line":6,"column":67},"end":{"line":6,"column":74}}],"line":6}},"s":{"0":0,"1":0,"2":1},"f":{"0":0},"b":{"0":[0,0]},"_coverageSchema":"1a1c01bbd47fc00a2c39e90264f33305004495a9","hash":"dbb04f1f422d17e0caffc073189fd5e3feae476b"}
}
